빌드 시작: 2013-03-03 오후 10:37:35
     1>2 노드의 "C:\Users\SimjaeHwan\Desktop\snake_SDL\snake_SDL.vcxproj" 프로젝트(build 대상)입니다.
     1>InitializeBuildStatus:
         "AlwaysCreate"이(가) 지정되었기 때문에 "Debug\snake_SDL.unsuccessfulbuild"을(를) 만들고 있습니다.
       ClCompile:
         모든 출력이 최신 상태입니다.
         C:\Program Files (x86)\Microsoft Visual Studio 10.0\VC\bin\CL.exe /c /IF:\SDL\SDL_ttf\include /IF:\SDL\SDL_image\include /IF:\SDL\SDL\include /ZI /nologo /W3 /WX- /Od /Oy- /D WIN32 /D _DEBUG /D _CONSOLE /D _UNICODE /D UNICODE /Gm /EHsc /RTC1 /MDd /GS /fp:precise /Zc:wchar_t /Zc:forScope /Yu"StdAfx.h" /Fp"Debug\snake_SDL.pch" /Fo"Debug\\" /Fd"Debug\vc100.pdb" /Gd /TP /analyze- /errorReport:prompt PvPStageScene.cpp
         PvPStageScene.cpp
     1>c:\users\simjaehwan\desktop\snake_sdl\itemmanager.h(22): warning C4150: 불완전한 형식 'Point2D'에 대한 포인터를 삭제했습니다. 소멸자가 호출되지 않습니다.
                 c:\users\simjaehwan\desktop\snake_sdl\itemmanager.h(3) : 'Point2D' 선언을 참조하십시오.
       ManifestResourceCompile:
         모든 출력이 최신 상태입니다.
       Link:
         C:\Program Files (x86)\Microsoft Visual Studio 10.0\VC\bin\link.exe /ERRORREPORT:PROMPT /OUT:"C:\Users\SimjaeHwan\Desktop\snake_SDL\Debug\snake_SDL.exe" /INCREMENTAL /NOLOGO /LIBPATH:F:\SDL\SDL_ttf\lib\x86 /LIBPATH:F:\SDL\SDL_image\lib\x86 /LIBPATH:F:\SDL\SDL\lib\x86 kernel32.lib user32.lib gdi32.lib winspool.lib comdlg32.lib advapi32.lib shell32.lib ole32.lib oleaut32.lib uuid.lib odbc32.lib odbccp32.lib /MANIFEST /ManifestFile:"Debug\snake_SDL.exe.intermediate.manifest" /MANIFESTUAC:"level='asInvoker' uiAccess='false'" /DEBUG /PDB:"C:\Users\SimjaeHwan\Desktop\snake_SDL\Debug\snake_SDL.pdb" /SUBSYSTEM:CONSOLE /TLBID:1 /DYNAMICBASE /NXCOMPAT /IMPLIB:"C:\Users\SimjaeHwan\Desktop\snake_SDL\Debug\snake_SDL.lib" /MACHINE:X86 Debug\snake_SDL.exe.embed.manifest.res
         Debug\Game.obj
         Debug\GameOverScene.obj
         Debug\IntroScene.obj
         Debug\ISnakeSingleScene.obj
         Debug\ItemManager.obj
         Debug\Point2D.obj
         Debug\PvPStageScene.obj
         Debug\Snake.obj
         Debug\SnakeMap.obj
         Debug\snake_SDL.obj
         Debug\Stage01Scene.obj
         Debug\Stage02Scene.obj
         Debug\stdafx.obj
         Debug\TextFieldFactory.obj
         Debug\Wall.obj
       Manifest:
         C:\Program Files (x86)\Microsoft SDKs\Windows\v7.0A\bin\mt.exe /nologo /verbose /out:"Debug\snake_SDL.exe.embed.manifest" /manifest Debug\snake_SDL.exe.intermediate.manifest
         모든 출력이 최신 상태입니다.
       LinkEmbedManifest:
         모든 출력이 최신 상태입니다.
         snake_SDL.vcxproj -> C:\Users\SimjaeHwan\Desktop\snake_SDL\Debug\snake_SDL.exe
       FinalizeBuildStatus:
         "Debug\snake_SDL.unsuccessfulbuild" 파일을 삭제하고 있습니다.
         "Debug\snake_SDL.lastbuildstate"에 연결(touching)하고 있습니다.
     1>"C:\Users\SimjaeHwan\Desktop\snake_SDL\snake_SDL.vcxproj" 프로젝트를 빌드했습니다(build 대상).

빌드했습니다.

경과 시간: 00:00:00.40
