C:\Users\SimjaeHwan\Desktop\snake_SDL\Debug\cl.command.1.tlog
C:\Users\SimjaeHwan\Desktop\snake_SDL\Debug\CL.read.1.tlog
C:\Users\SimjaeHwan\Desktop\snake_SDL\Debug\CL.write.1.tlog
C:\USERS\SIMJAEHWAN\DESKTOP\SNAKE_SDL\DEBUG\GAME.OBJ
C:\USERS\SIMJAEHWAN\DESKTOP\SNAKE_SDL\DEBUG\INTROSCENE.OBJ
C:\USERS\SIMJAEHWAN\DESKTOP\SNAKE_SDL\DEBUG\ITEMMANAGER.OBJ
C:\Users\SimjaeHwan\Desktop\snake_SDL\Debug\link.1112.read.1.tlog
C:\Users\SimjaeHwan\Desktop\snake_SDL\Debug\link.1112.write.1.tlog
C:\Users\SimjaeHwan\Desktop\snake_SDL\Debug\link.1112-cvtres.read.1.tlog
C:\Users\SimjaeHwan\Desktop\snake_SDL\Debug\link.1112-cvtres.write.1.tlog
C:\Users\SimjaeHwan\Desktop\snake_SDL\Debug\link.2284.read.1.tlog
C:\Users\SimjaeHwan\Desktop\snake_SDL\Debug\link.2284.write.1.tlog
C:\Users\SimjaeHwan\Desktop\snake_SDL\Debug\link.2284-cvtres.read.1.tlog
C:\Users\SimjaeHwan\Desktop\snake_SDL\Debug\link.2284-cvtres.write.1.tlog
C:\Users\SimjaeHwan\Desktop\snake_SDL\Debug\link.2448.read.1.tlog
C:\Users\SimjaeHwan\Desktop\snake_SDL\Debug\link.2448.write.1.tlog
C:\Users\SimjaeHwan\Desktop\snake_SDL\Debug\link.2448-cvtres.read.1.tlog
C:\Users\SimjaeHwan\Desktop\snake_SDL\Debug\link.2448-cvtres.write.1.tlog
C:\Users\SimjaeHwan\Desktop\snake_SDL\Debug\link.3920.read.1.tlog
C:\Users\SimjaeHwan\Desktop\snake_SDL\Debug\link.3920.write.1.tlog
C:\Users\SimjaeHwan\Desktop\snake_SDL\Debug\link.3920-cvtres.read.1.tlog
C:\Users\SimjaeHwan\Desktop\snake_SDL\Debug\link.3920-cvtres.write.1.tlog
C:\Users\SimjaeHwan\Desktop\snake_SDL\Debug\link.4336.read.1.tlog
C:\Users\SimjaeHwan\Desktop\snake_SDL\Debug\link.4336.write.1.tlog
C:\Users\SimjaeHwan\Desktop\snake_SDL\Debug\link.4336-cvtres.read.1.tlog
C:\Users\SimjaeHwan\Desktop\snake_SDL\Debug\link.4336-cvtres.write.1.tlog
C:\Users\SimjaeHwan\Desktop\snake_SDL\Debug\link.4408.read.1.tlog
C:\Users\SimjaeHwan\Desktop\snake_SDL\Debug\link.4408.write.1.tlog
C:\Users\SimjaeHwan\Desktop\snake_SDL\Debug\link.4408-cvtres.read.1.tlog
C:\Users\SimjaeHwan\Desktop\snake_SDL\Debug\link.4408-cvtres.write.1.tlog
C:\Users\SimjaeHwan\Desktop\snake_SDL\Debug\link.4584.read.1.tlog
C:\Users\SimjaeHwan\Desktop\snake_SDL\Debug\link.4584.write.1.tlog
C:\Users\SimjaeHwan\Desktop\snake_SDL\Debug\link.4584-cvtres.read.1.tlog
C:\Users\SimjaeHwan\Desktop\snake_SDL\Debug\link.4584-cvtres.write.1.tlog
C:\Users\SimjaeHwan\Desktop\snake_SDL\Debug\link.4592.read.1.tlog
C:\Users\SimjaeHwan\Desktop\snake_SDL\Debug\link.4592.write.1.tlog
C:\Users\SimjaeHwan\Desktop\snake_SDL\Debug\link.4592-cvtres.read.1.tlog
C:\Users\SimjaeHwan\Desktop\snake_SDL\Debug\link.4592-cvtres.write.1.tlog
C:\Users\SimjaeHwan\Desktop\snake_SDL\Debug\link.4640.read.1.tlog
C:\Users\SimjaeHwan\Desktop\snake_SDL\Debug\link.4640.write.1.tlog
C:\Users\SimjaeHwan\Desktop\snake_SDL\Debug\link.4640-cvtres.read.1.tlog
C:\Users\SimjaeHwan\Desktop\snake_SDL\Debug\link.4640-cvtres.write.1.tlog
C:\Users\SimjaeHwan\Desktop\snake_SDL\Debug\link.5112.read.1.tlog
C:\Users\SimjaeHwan\Desktop\snake_SDL\Debug\link.5112.write.1.tlog
C:\Users\SimjaeHwan\Desktop\snake_SDL\Debug\link.5112-cvtres.read.1.tlog
C:\Users\SimjaeHwan\Desktop\snake_SDL\Debug\link.5112-cvtres.write.1.tlog
C:\Users\SimjaeHwan\Desktop\snake_SDL\Debug\link.5192.read.1.tlog
C:\Users\SimjaeHwan\Desktop\snake_SDL\Debug\link.5192.write.1.tlog
C:\Users\SimjaeHwan\Desktop\snake_SDL\Debug\link.5192-cvtres.read.1.tlog
C:\Users\SimjaeHwan\Desktop\snake_SDL\Debug\link.5192-cvtres.write.1.tlog
C:\Users\SimjaeHwan\Desktop\snake_SDL\Debug\link.5240.read.1.tlog
C:\Users\SimjaeHwan\Desktop\snake_SDL\Debug\link.5240.write.1.tlog
C:\Users\SimjaeHwan\Desktop\snake_SDL\Debug\link.5240-cvtres.read.1.tlog
C:\Users\SimjaeHwan\Desktop\snake_SDL\Debug\link.5240-cvtres.write.1.tlog
C:\Users\SimjaeHwan\Desktop\snake_SDL\Debug\link.command.1.tlog
C:\Users\SimjaeHwan\Desktop\snake_SDL\Debug\link.read.1.tlog
C:\Users\SimjaeHwan\Desktop\snake_SDL\Debug\link.write.1.tlog
C:\Users\SimjaeHwan\Desktop\snake_SDL\Debug\link-cvtres.read.1.tlog
C:\Users\SimjaeHwan\Desktop\snake_SDL\Debug\link-cvtres.write.1.tlog
C:\Users\SimjaeHwan\Desktop\snake_SDL\Debug\mt.command.1.tlog
C:\Users\SimjaeHwan\Desktop\snake_SDL\Debug\mt.read.1.tlog
C:\Users\SimjaeHwan\Desktop\snake_SDL\Debug\mt.write.1.tlog
C:\USERS\SIMJAEHWAN\DESKTOP\SNAKE_SDL\DEBUG\POINT2D.OBJ
C:\Users\SimjaeHwan\Desktop\snake_SDL\Debug\rc.command.1.tlog
C:\Users\SimjaeHwan\Desktop\snake_SDL\Debug\rc.read.1.tlog
C:\Users\SimjaeHwan\Desktop\snake_SDL\Debug\rc.write.1.tlog
C:\USERS\SIMJAEHWAN\DESKTOP\SNAKE_SDL\DEBUG\SNAKE.OBJ
C:\USERS\SIMJAEHWAN\DESKTOP\SNAKE_SDL\DEBUG\SNAKE_SDL.EXE
C:\Users\SimjaeHwan\Desktop\snake_SDL\Debug\snake_SDL.exe.embed.manifest
C:\USERS\SIMJAEHWAN\DESKTOP\SNAKE_SDL\DEBUG\SNAKE_SDL.EXE.EMBED.MANIFEST.RES
C:\USERS\SIMJAEHWAN\DESKTOP\SNAKE_SDL\DEBUG\SNAKE_SDL.EXE.INTERMEDIATE.MANIFEST
C:\USERS\SIMJAEHWAN\DESKTOP\SNAKE_SDL\DEBUG\SNAKE_SDL.ILK
C:\USERS\SIMJAEHWAN\DESKTOP\SNAKE_SDL\DEBUG\SNAKE_SDL.OBJ
C:\USERS\SIMJAEHWAN\DESKTOP\SNAKE_SDL\DEBUG\SNAKE_SDL.PCH
C:\USERS\SIMJAEHWAN\DESKTOP\SNAKE_SDL\DEBUG\SNAKE_SDL.PDB
C:\Users\SimjaeHwan\Desktop\snake_SDL\Debug\snake_SDL_manifest.rc
C:\USERS\SIMJAEHWAN\DESKTOP\SNAKE_SDL\DEBUG\SNAKEGAMESCENE.OBJ
C:\USERS\SIMJAEHWAN\DESKTOP\SNAKE_SDL\DEBUG\STDAFX.OBJ
C:\USERS\SIMJAEHWAN\DESKTOP\SNAKE_SDL\DEBUG\TILEDATA.OBJ
C:\USERS\SIMJAEHWAN\DESKTOP\SNAKE_SDL\DEBUG\TURBOC.OBJ
C:\Users\SimjaeHwan\Desktop\snake_SDL\Debug\vc100.idb
C:\USERS\SIMJAEHWAN\DESKTOP\SNAKE_SDL\DEBUG\VC100.PDB
C:\USERS\SIMJAEHWAN\DESKTOP\SNAKE_SDL\DEBUG\WALL.OBJ
